==========================
[*] Using provided files: ./files/dict626623.txt ./files/words658976.txt 
[*] Using provided nodes: 
---------------------------
---------------------------
[0] Preprocessing time: 0 mins 9 secs 65 ms; 9065
[0] Set Size: 1247914
[0] Map Size: 12176525
[0] File Partion Size: 14001270
[0] Parallel distribution time: 0 mins 0 secs 395 ms; 395
[0] Gather time: 0 mins 0 secs 13 ms; 13
[0] Total time: 0 mins 9 secs 474 ms; 9474
---------------------------
---------------------------
[0] Preprocessing time: 0 mins 4 secs 423 ms; 4423
[0] Set Size: 627081
[0] Map Size: 6069303
[0] File Partion Size: 7000630
[1] Preprocessing time: 0 mins 4 secs 959 ms; 4959
[1] Set Size: 622150
[1] Map Size: 6161685
[1] File Partion Size: 7000640
[0] Parallel distribution time: 0 mins 1 secs 184 ms; 1184
[1] Parallel distribution time: 0 mins 0 secs 397 ms; 397
[1] Gather time: 0 mins 0 secs 1 ms; 1
[1] Total time: 0 mins 5 secs 358 ms; 5358
[0] Gather time: 0 mins 0 secs 16 ms; 16
[0] Total time: 0 mins 5 secs 623 ms; 5623
---------------------------
---------------------------
[0] Preprocessing time: 0 mins 2 secs 590 ms; 2590
[0] Set Size: 410025
[0] Map Size: 4064123
[0] File Partion Size: 4667082
[2] Preprocessing time: 0 mins 3 secs 85 ms; 3085
[2] Set Size: 416758
[2] Map Size: 4101446
[2] File Partion Size: 4667106
[1] Preprocessing time: 0 mins 2 secs 947 ms; 2947
[1] Set Size: 422984
[1] Map Size: 4092252
[1] File Partion Size: 4667082
[0] Parallel distribution time: 0 mins 0 secs 754 ms; 754
[1] Parallel distribution time: 0 mins 0 secs 380 ms; 380
[2] Parallel distribution time: 0 mins 0 secs 608 ms; 608
[1] Gather time: 0 mins 0 secs 4 ms; 4
[1] Total time: 0 mins 3 secs 331 ms; 3331
[2] Gather time: 0 mins 0 secs 2 ms; 2
[2] Total time: 0 mins 3 secs 696 ms; 3696
[0] Gather time: 0 mins 0 secs 14 ms; 14
[0] Total time: 0 mins 3 secs 359 ms; 3359
---------------------------
---------------------------
[0] Preprocessing time: 0 mins 2 secs 134 ms; 2134
[0] Set Size: 308498
[0] Map Size: 3036699
[0] File Partion Size: 3500316
[1] Preprocessing time: 0 mins 2 secs 184 ms; 2184
[1] Set Size: 319312
[1] Map Size: 3059119
[1] File Partion Size: 3500314
[2] Preprocessing time: 0 mins 2 secs 525 ms; 2525
[2] Set Size: 300456
[2] Map Size: 3126768
[2] File Partion Size: 3500300
[3] Preprocessing time: 0 mins 2 secs 474 ms; 2474
[3] Set Size: 321694
[3] Map Size: 3049189
[3] File Partion Size: 3500340
[0] Parallel distribution time: 0 mins 0 secs 843 ms; 843
[1] Parallel distribution time: 0 mins 0 secs 843 ms; 843
[2] Parallel distribution time: 0 mins 0 secs 472 ms; 472
[2] Gather time: 0 mins 0 secs 3 ms; 3
[2] Total time: 0 mins 3 secs 0 ms; 3000
[3] Parallel distribution time: 0 mins 0 secs 404 ms; 404
[1] Gather time: 0 mins 0 secs 3 ms; 3
[1] Total time: 0 mins 3 secs 31 ms; 3031
[3] Gather time: 0 mins 0 secs 2 ms; 2
[3] Total time: 0 mins 2 secs 881 ms; 2881
[0] Gather time: 0 mins 0 secs 17 ms; 17
[0] Total time: 0 mins 2 secs 994 ms; 2994
---------------------------
---------------------------
[0] Preprocessing time: 0 mins 1 secs 757 ms; 1757
[0] Set Size: 251665
[0] Map Size: 2409914
[0] File Partion Size: 2800254
[1] Preprocessing time: 0 mins 1 secs 790 ms; 1790
[1] Set Size: 246890
[1] Map Size: 2466951
[1] File Partion Size: 2800244
[3] Preprocessing time: 0 mins 1 secs 526 ms; 1526
[3] Set Size: 239598
[3] Map Size: 2507082
[3] File Partion Size: 2800276
[4] Preprocessing time: 0 mins 1 secs 784 ms; 1784
[4] Set Size: 258084
[4] Map Size: 2439050
[4] File Partion Size: 2800256
[2] Preprocessing time: 0 mins 1 secs 818 ms; 1818
[2] Set Size: 253794
[2] Map Size: 2455633
[2] File Partion Size: 2800240
[0] Parallel distribution time: 0 mins 0 secs 712 ms; 712
[3] Parallel distribution time: 0 mins 0 secs 641 ms; 641
[3] Gather time: 0 mins 0 secs 0 ms; 0
[3] Total time: 0 mins 2 secs 168 ms; 2168
[1] Parallel distribution time: 0 mins 0 secs 664 ms; 664
[2] Parallel distribution time: 0 mins 0 secs 338 ms; 338
[2] Gather time: 0 mins 0 secs 0 ms; 0
[2] Total time: 0 mins 2 secs 157 ms; 2157
[1] Gather time: 0 mins 0 secs 0 ms; 0
[1] Total time: 0 mins 2 secs 454 ms; 2454
[4] Parallel distribution time: 0 mins 0 secs 350 ms; 350
[4] Gather time: 0 mins 0 secs 0 ms; 0
[4] Total time: 0 mins 2 secs 134 ms; 2134
[0] Gather time: 0 mins 0 secs 14 ms; 14
[0] Total time: 0 mins 2 secs 484 ms; 2484
---------------------------
---------------------------
[0] Preprocessing time: 0 mins 1 secs 452 ms; 1452
[0] Set Size: 209270
[0] Map Size: 2008765
[0] File Partion Size: 2333540
[1] Preprocessing time: 0 mins 1 secs 518 ms; 1518
[1] Set Size: 201112
[1] Map Size: 2070549
[1] File Partion Size: 2333542
[3] Preprocessing time: 0 mins 1 secs 714 ms; 1714
[3] Set Size: 205392
[3] Map Size: 2073273
[3] File Partion Size: 2333534
[4] Preprocessing time: 0 mins 1 secs 822 ms; 1822
[4] Set Size: 204176
[4] Map Size: 2067842
[4] File Partion Size: 2333556
[5] Preprocessing time: 0 mins 1 secs 807 ms; 1807
[5] Set Size: 212582
[5] Map Size: 2046712
[5] File Partion Size: 2333550
[2] Preprocessing time: 0 mins 1 secs 549 ms; 1549
[2] Set Size: 217592
[2] Map Size: 2028622
[2] File Partion Size: 2333548
[0] Parallel distribution time: 0 mins 0 secs 747 ms; 747
[4] Parallel distribution time: 0 mins 0 secs 411 ms; 411
[2] Parallel distribution time: 0 mins 0 secs 371 ms; 371
[3] Parallel distribution time: 0 mins 0 secs 528 ms; 528
[3] Gather time: 0 mins 0 secs 0 ms; 0
[2] Gather time: 0 mins 0 secs 0 ms; 0
[3] Total time: 0 mins 2 secs 243 ms; 2243
[1] Parallel distribution time: 0 mins 0 secs 693 ms; 693
[2] Total time: 0 mins 1 secs 921 ms; 1921
[1] Gather time: 0 mins 0 secs 0 ms; 0
[1] Total time: 0 mins 2 secs 211 ms; 2211
[5] Parallel distribution time: 0 mins 0 secs 374 ms; 374
[5] Gather time: 0 mins 0 secs 0 ms; 0
[4] Gather time: 0 mins 0 secs 2 ms; 2
[5] Total time: 0 mins 2 secs 182 ms; 2182
[4] Total time: 0 mins 2 secs 236 ms; 2236
[0] Gather time: 0 mins 0 secs 15 ms; 15
[0] Total time: 0 mins 2 secs 215 ms; 2215
---------------------------
---------------------------
[1] Preprocessing time: 0 mins 1 secs 432 ms; 1432
[1] Set Size: 168204
[1] Map Size: 1779345
[1] File Partion Size: 2000190
[0] Preprocessing time: 0 mins 1 secs 422 ms; 1422
[0] Set Size: 180312
[0] Map Size: 1715899
[0] File Partion Size: 2000160
[3] Preprocessing time: 0 mins 1 secs 180 ms; 1180
[3] Set Size: 185694
[3] Map Size: 1738243
[3] File Partion Size: 2000172
[5] Preprocessing time: 0 mins 1 secs 655 ms; 1655
[5] Set Size: 181492
[5] Map Size: 1751909
[5] File Partion Size: 2000176
[6] Preprocessing time: 0 mins 1 secs 763 ms; 1763
[6] Set Size: 179648
[6] Map Size: 1765263
[6] File Partion Size: 2000194
[4] Preprocessing time: 0 mins 1 secs 462 ms; 1462
[4] Set Size: 171914
[4] Map Size: 1797971
[4] File Partion Size: 2000202
[2] Preprocessing time: 0 mins 1 secs 413 ms; 1413
[2] Set Size: 182912
[2] Map Size: 1748715
[2] File Partion Size: 2000176
[0] Parallel distribution time: 0 mins 0 secs 711 ms; 711
[3] Parallel distribution time: 0 mins 0 secs 685 ms; 685
[4] Parallel distribution time: 0 mins 0 secs 386 ms; 386
[5] Parallel distribution time: 0 mins 0 secs 511 ms; 511
[5] Gather time: 0 mins 0 secs 0 ms; 0
[3] Gather time: 0 mins 0 secs 0 ms; 0
[5] Total time: 0 mins 2 secs 167 ms; 2167
[3] Total time: 0 mins 1 secs 866 ms; 1866
[2] Parallel distribution time: 0 mins 0 secs 372 ms; 372
[2] Gather time: 0 mins 0 secs 0 ms; 0
[1] Parallel distribution time: 0 mins 0 secs 718 ms; 718
[1] Gather time: 0 mins 0 secs 0 ms; 0
[1] Total time: 0 mins 2 secs 151 ms; 2151
[2] Total time: 0 mins 1 secs 786 ms; 1786
[4] Gather time: 0 mins 0 secs 1 ms; 1
[4] Total time: 0 mins 1 secs 850 ms; 1850
[6] Parallel distribution time: 0 mins 0 secs 393 ms; 393
[6] Gather time: 0 mins 0 secs 0 ms; 0
[6] Total time: 0 mins 2 secs 157 ms; 2157
[0] Gather time: 0 mins 0 secs 15 ms; 15
[0] Total time: 0 mins 2 secs 149 ms; 2149
---------------------------
---------------------------
[0] Preprocessing time: 0 mins 1 secs 243 ms; 1243
[0] Set Size: 159299
[0] Map Size: 1495924
[0] File Partion Size: 1750148
[1] Preprocessing time: 0 mins 1 secs 317 ms; 1317
[1] Set Size: 149464
[1] Map Size: 1549656
[1] File Partion Size: 1750168
[3] Preprocessing time: 0 mins 1 secs 16 ms; 1016
[3] Set Size: 161206
[3] Map Size: 1531573
[3] File Partion Size: 1750174
[5] Preprocessing time: 0 mins 1 secs 486 ms; 1486
[5] Set Size: 147700
[5] Map Size: 1575581
[5] File Partion Size: 1750154
[6] Preprocessing time: 0 mins 1 secs 617 ms; 1617
[6] Set Size: 163798
[6] Map Size: 1515663
[6] File Partion Size: 1750172
[4] Preprocessing time: 0 mins 1 secs 296 ms; 1296
[4] Set Size: 152756
[4] Map Size: 1554834
[4] File Partion Size: 1750146
[2] Preprocessing time: 0 mins 1 secs 319 ms; 1319
[2] Set Size: 158106
[2] Map Size: 1534619
[2] File Partion Size: 1750140
[7] Preprocessing time: 0 mins 1 secs 609 ms; 1609
[7] Set Size: 157896
[7] Map Size: 1542503
[7] File Partion Size: 1750168
[0] Parallel distribution time: 0 mins 0 secs 788 ms; 788
[3] Parallel distribution time: 0 mins 0 secs 753 ms; 753
[4] Parallel distribution time: 0 mins 0 secs 440 ms; 440
[1] Parallel distribution time: 0 mins 0 secs 775 ms; 775
[2] Parallel distribution time: 0 mins 0 secs 428 ms; 428
[1] Gather time: 0 mins 0 secs 0 ms; 0
[2] Gather time: 0 mins 0 secs 0 ms; 0
[1] Total time: 0 mins 2 secs 92 ms; 2092
[2] Total time: 0 mins 1 secs 748 ms; 1748
[5] Parallel distribution time: 0 mins 0 secs 609 ms; 609
[5] Gather time: 0 mins 0 secs 0 ms; 0
[6] Parallel distribution time: 0 mins 0 secs 473 ms; 473
[5] Total time: 0 mins 2 secs 96 ms; 2096
[3] Gather time: 0 mins 0 secs 0 ms; 0
[3] Total time: 0 mins 1 secs 771 ms; 1771
[7] Parallel distribution time: 0 mins 0 secs 414 ms; 414
[7] Gather time: 0 mins 0 secs 0 ms; 0
[6] Gather time: 0 mins 0 secs 1 ms; 1
[7] Total time: 0 mins 2 secs 24 ms; 2024
[6] Total time: 0 mins 2 secs 92 ms; 2092
[4] Gather time: 0 mins 0 secs 1 ms; 1
[4] Total time: 0 mins 1 secs 738 ms; 1738
[0] Gather time: 0 mins 0 secs 15 ms; 15
[0] Total time: 0 mins 2 secs 47 ms; 2047
---------------------------
---------------------------
