==========================
[*] Using provided files: ./files/dict10000.ascii.txt ./files/words10000.ascii.txt 
[*] Using provided nodes: 
---------------------------
---------------------------
[0] Preprocessing time: 0 mins 0 secs 298 ms; 298
[0] Set Size: 19986
[0] Map Size: 131724
[0] File Partion Size: 159432
[0] Parallel distribution time: 0 mins 0 secs 18 ms; 18
[0] Gather time: 0 mins 0 secs 5 ms; 5
[0] Total time: 0 mins 0 secs 322 ms; 322
074bf2e9ab0382f37fb732cbc2b53cb1  ./results/word_list_misspelled.txt
---------------------------
---------------------------
[1] Preprocessing time: 0 mins 0 secs 281 ms; 281
[1] Set Size: 10226
[1] Map Size: 65701
[1] File Partion Size: 79720
[0] Preprocessing time: 0 mins 0 secs 649 ms; 649
[0] Set Size: 9764
[0] Map Size: 66936
[0] File Partion Size: 79712
[0] Parallel distribution time: 0 mins 0 secs 24 ms; 24
[1] Parallel distribution time: 0 mins 0 secs 24 ms; 24
[1] Gather time: 0 mins 0 secs 0 ms; 0
[1] Total time: 0 mins 0 secs 306 ms; 306
[0] Gather time: 0 mins 0 secs 4 ms; 4
[0] Total time: 0 mins 0 secs 678 ms; 678
074bf2e9ab0382f37fb732cbc2b53cb1  ./results/word_list_misspelled.txt
---------------------------
---------------------------
[0] Preprocessing time: 0 mins 0 secs 349 ms; 349
[0] Set Size: 6390
[0] Map Size: 44780
[0] File Partion Size: 53132
[2] Preprocessing time: 0 mins 0 secs 588 ms; 588
[2] Set Size: 6696
[2] Map Size: 44280
[2] File Partion Size: 53146
[1] Preprocessing time: 0 mins 0 secs 255 ms; 255
[1] Set Size: 6904
[1] Map Size: 43995
[1] File Partion Size: 53154
[1] Parallel distribution time: 0 mins 0 secs 19 ms; 19
[0] Parallel distribution time: 0 mins 0 secs 19 ms; 19
[1] Gather time: 0 mins 0 secs 0 ms; 0
[1] Total time: 0 mins 0 secs 275 ms; 275
[2] Parallel distribution time: 0 mins 0 secs 20 ms; 20
[2] Gather time: 0 mins 0 secs 0 ms; 0
[2] Total time: 0 mins 0 secs 608 ms; 608
[0] Gather time: 0 mins 0 secs 3 ms; 3
[0] Total time: 0 mins 0 secs 373 ms; 373
074bf2e9ab0382f37fb732cbc2b53cb1  ./results/word_list_misspelled.txt
---------------------------
---------------------------
[0] Preprocessing time: 0 mins 0 secs 490 ms; 490
[0] Set Size: 4824
[0] Map Size: 33287
[0] File Partion Size: 39858
[2] Preprocessing time: 0 mins 0 secs 451 ms; 451
[2] Set Size: 5068
[2] Map Size: 33203
[2] File Partion Size: 39858
[1] Preprocessing time: 0 mins 0 secs 511 ms; 511
[1] Set Size: 4940
[1] Map Size: 33971
[1] File Partion Size: 39854
[3] Preprocessing time: 0 mins 0 secs 333 ms; 333
[3] Set Size: 5158
[3] Map Size: 32912
[3] File Partion Size: 39862
[0] Parallel distribution time: 0 mins 0 secs 41 ms; 41
[1] Parallel distribution time: 0 mins 0 secs 41 ms; 41
[1] Gather time: 0 mins 0 secs 0 ms; 0
[1] Total time: 0 mins 0 secs 553 ms; 553
[2] Parallel distribution time: 0 mins 0 secs 41 ms; 41
[3] Parallel distribution time: 0 mins 0 secs 41 ms; 41
[3] Gather time: 0 mins 0 secs 0 ms; 0
[2] Gather time: 0 mins 0 secs 0 ms; 0
[3] Total time: 0 mins 0 secs 375 ms; 375
[2] Total time: 0 mins 0 secs 493 ms; 493
[0] Gather time: 0 mins 0 secs 5 ms; 5
[0] Total time: 0 mins 0 secs 537 ms; 537
074bf2e9ab0382f37fb732cbc2b53cb1  ./results/word_list_misspelled.txt
---------------------------
---------------------------
[3] Preprocessing time: 0 mins 0 secs 438 ms; 438
[0] Preprocessing time: 0 mins 0 secs 606 ms; 606
[3] Set Size: 3904
[3] Map Size: 27000
[3] File Partion Size: 31880
[0] Set Size: 3877
[0] Map Size: 26509
[0] File Partion Size: 31874
[1] Preprocessing time: 0 mins 0 secs 648 ms; 648
[4] Preprocessing time: 0 mins 0 secs 359 ms; 359
[1] Set Size: 3898
[4] Set Size: 4146
[1] Map Size: 27285
[4] Map Size: 26293
[1] File Partion Size: 31890
[2] Preprocessing time: 0 mins 0 secs 283 ms; 283
[2] Set Size: 4166
[2] Map Size: 26578
[2] File Partion Size: 31886
[4] File Partion Size: 31902
[0] Parallel distribution time: 0 mins 0 secs 37 ms; 37
[3] Parallel distribution time: 0 mins 0 secs 37 ms; 37
[3] Gather time: 0 mins 0 secs 0 ms; 0
[3] Total time: 0 mins 0 secs 476 ms; 476
[1] Parallel distribution time: 0 mins 0 secs 37 ms; 37
[1] Gather time: 0 mins 0 secs 0 ms; 0
[1] Total time: 0 mins 0 secs 685 ms; 685
[2] Parallel distribution time: 0 mins 0 secs 37 ms; 37
[2] Gather time: 0 mins 0 secs 0 ms; 0
[2] Total time: 0 mins 0 secs 320 ms; 320
[4] Parallel distribution time: 0 mins 0 secs 37 ms; 37
[4] Gather time: 0 mins 0 secs 0 ms; 0
[4] Total time: 0 mins 0 secs 397 ms; 397
[0] Gather time: 0 mins 0 secs 5 ms; 5
[0] Total time: 0 mins 0 secs 649 ms; 649
074bf2e9ab0382f37fb732cbc2b53cb1  ./results/word_list_misspelled.txt
---------------------------
---------------------------
[0] Preprocessing time: 0 mins 0 secs 640 ms; 640
[0] Set Size: 3347
[0] Map Size: 21876
[0] File Partion Size: 26568
[4] Preprocessing time: 0 mins 0 secs 648 ms; 648
[4] Set Size: 3266
[4] Map Size: 22464
[4] File Partion Size: 26566
[1] Preprocessing time: 0 mins 0 secs 675 ms; 675
[2] Preprocessing time: 0 mins 0 secs 308 ms; 308
[1] Set Size: 3044
[1] Map Size: 23096
[3] Preprocessing time: 0 mins 0 secs 692 ms; 692
[3] Set Size: 3530
[2] Set Size: 3374
[3] Map Size: 21788
[2] Map Size: 22428
[3] File Partion Size: 26574
[2] File Partion Size: 26580
[1] File Partion Size: 26564
[5] Preprocessing time: 0 mins 0 secs 612 ms; 612
[5] Set Size: 3430
[5] Map Size: 22141
[5] File Partion Size: 26580
[0] Parallel distribution time: 0 mins 0 secs 54 ms; 54
[3] Parallel distribution time: 0 mins 0 secs 53 ms; 53
[3] Gather time: 0 mins 0 secs 0 ms; 0
[3] Total time: 0 mins 0 secs 746 ms; 746
[2] Parallel distribution time: 0 mins 0 secs 53 ms; 53
[1] Parallel distribution time: 0 mins 0 secs 53 ms; 53
[2] Gather time: 0 mins 0 secs 0 ms; 0
[1] Gather time: 0 mins 0 secs 0 ms; 0
[2] Total time: 0 mins 0 secs 362 ms; 362
[1] Total time: 0 mins 0 secs 729 ms; 729
[4] Parallel distribution time: 0 mins 0 secs 53 ms; 53
[5] Parallel distribution time: 0 mins 0 secs 54 ms; 54
[4] Gather time: 0 mins 0 secs 0 ms; 0
[5] Gather time: 0 mins 0 secs 0 ms; 0
[4] Total time: 0 mins 0 secs 702 ms; 702
[5] Total time: 0 mins 0 secs 666 ms; 666
[0] Gather time: 0 mins 0 secs 5 ms; 5
[0] Total time: 0 mins 0 secs 699 ms; 699
074bf2e9ab0382f37fb732cbc2b53cb1  ./results/word_list_misspelled.txt
---------------------------
---------------------------
[0] Preprocessing time: 0 mins 0 secs 730 ms; 730
[0] Set Size: 2875
[0] Map Size: 18689
[0] File Partion Size: 22774
[3] Preprocessing time: 0 mins 0 secs 557 ms; 557
[3] Set Size: 2928
[3] Map Size: 19078
[3] File Partion Size: 22766
[5] Preprocessing time: 0 mins 0 secs 747 ms; 747
[5] Set Size: 2906
[5] Map Size: 18945
[6] Preprocessing time: 0 mins 0 secs 726 ms; 726
[1] Preprocessing time: 0 mins 0 secs 736 ms; 736
[5] File Partion Size: 22776
[6] Set Size: 2944
[1] Set Size: 2574
[6] Map Size: 19008
[1] Map Size: 19781
[6] File Partion Size: 22784
[1] File Partion Size: 22778
[2] Preprocessing time: 0 mins 0 secs 368 ms; 368
[2] Set Size: 2964
[2] Map Size: 19112
[2] File Partion Size: 22772
[4] Preprocessing time: 0 mins 0 secs 397 ms; 397
[4] Set Size: 2800
[4] Map Size: 19303
[4] File Partion Size: 22782
[0] Parallel distribution time: 0 mins 0 secs 55 ms; 55
[5] Parallel distribution time: 0 mins 0 secs 55 ms; 55
[5] Gather time: 0 mins 0 secs 0 ms; 0
[5] Total time: 0 mins 0 secs 802 ms; 802
[4] Parallel distribution time: 0 mins 0 secs 55 ms; 55
[1] Parallel distribution time: 0 mins 0 secs 55 ms; 55
[3] Parallel distribution time: 0 mins 0 secs 55 ms; 55
[1] Gather time: 0 mins 0 secs 0 ms; 0
[3] Gather time: 0 mins 0 secs 0 ms; 0
[1] Total time: 0 mins 0 secs 792 ms; 792
[3] Total time: 0 mins 0 secs 613 ms; 613
[2] Parallel distribution time: 0 mins 0 secs 55 ms; 55
[4] Gather time: 0 mins 0 secs 0 ms; 0
[2] Gather time: 0 mins 0 secs 0 ms; 0
[2] Total time: 0 mins 0 secs 424 ms; 424
[4] Total time: 0 mins 0 secs 453 ms; 453
[6] Parallel distribution time: 0 mins 0 secs 55 ms; 55
[6] Gather time: 0 mins 0 secs 0 ms; 0
[6] Total time: 0 mins 0 secs 782 ms; 782
[0] Gather time: 0 mins 0 secs 5 ms; 5
[0] Total time: 0 mins 0 secs 792 ms; 792
074bf2e9ab0382f37fb732cbc2b53cb1  ./results/word_list_misspelled.txt
---------------------------
---------------------------
[0] Preprocessing time: 0 mins 0 secs 519 ms; 519
[0] Set Size: 2503
[0] Map Size: 16330
[3] Preprocessing time: 0 mins 0 secs 333 ms; 333
[3] Set Size: 2522
[3] Map Size: 16998
[0] File Partion Size: 19922
[3] File Partion Size: 19930
[1] Preprocessing time: 0 mins 0 secs 601 ms; 601
[1] Set Size: 2320
[1] Map Size: 17053
[7] Preprocessing time: 0 mins 0 secs 520 ms; 520
[6] Preprocessing time: 0 mins 0 secs 567 ms; 567
[7] Set Size: 2616
[6] Set Size: 2544
[6] Map Size: 16518
[6] File Partion Size: 19946
[7] Map Size: 16580
[1] File Partion Size: 19924
[7] File Partion Size: 19936
[5] Preprocessing time: 0 mins 0 secs 580 ms; 580
[2] Preprocessing time: 0 mins 0 secs 332 ms; 332
[4] Preprocessing time: 0 mins 0 secs 299 ms; 299
[5] Set Size: 2382
[2] Set Size: 2420
[4] Set Size: 2684
[5] Map Size: 16987
[2] Map Size: 17164
[4] Map Size: 16351
[5] File Partion Size: 19918
[4] File Partion Size: 19920
[2] File Partion Size: 19936
[3] Parallel distribution time: 0 mins 0 secs 94 ms; 94
[1] Parallel distribution time: 0 mins 0 secs 94 ms; 94
[5] Parallel distribution time: 0 mins 0 secs 94 ms; 94
[1] Gather time: 0 mins 0 secs 0 ms; 0
[1] Total time: 0 mins 0 secs 695 ms; 695
[6] Parallel distribution time: 0 mins 0 secs 94 ms; 94
[2] Parallel distribution time: 0 mins 0 secs 94 ms; 94
[4] Parallel distribution time: 0 mins 0 secs 94 ms; 94
[2] Gather time: 0 mins 0 secs 0 ms; 0
[2] Total time: 0 mins 0 secs 426 ms; 426
[0] Parallel distribution time: 0 mins 0 secs 94 ms; 94
[3] Gather time: 0 mins 0 secs 0 ms; 0
[3] Total time: 0 mins 0 secs 428 ms; 428
[7] Parallel distribution time: 0 mins 0 secs 94 ms; 94
[6] Gather time: 0 mins 0 secs 0 ms; 0
[4] Gather time: 0 mins 0 secs 0 ms; 0
[7] Gather time: 0 mins 0 secs 0 ms; 0
[6] Total time: 0 mins 0 secs 662 ms; 662
[7] Total time: 0 mins 0 secs 614 ms; 614
[4] Total time: 0 mins 0 secs 393 ms; 393
[5] Gather time: 0 mins 0 secs 11 ms; 11
[5] Total time: 0 mins 0 secs 685 ms; 685
[0] Gather time: 0 mins 0 secs 16 ms; 16
[0] Total time: 0 mins 0 secs 630 ms; 630
074bf2e9ab0382f37fb732cbc2b53cb1  ./results/word_list_misspelled.txt
---------------------------
---------------------------
