==========================
[*] Using provided files: ./files/dict100000.txt ./files/words100000.txt 
[*] Using provided nodes: 
---------------------------
---------------------------
[0] Preprocessing time: 0 mins 0 secs 744 ms; 744
[0] Set Size: 197785
[0] Map Size: 1335504
[0] File Partion Size: 1721142
[0] Parallel distribution time: 0 mins 0 secs 92 ms; 92
[0] Gather time: 0 mins 0 secs 10 ms; 10
[0] Total time: 0 mins 0 secs 847 ms; 847
0134d51e743d94a453b368be0014508d  ./results/word_list_misspelled.txt
---------------------------
---------------------------
[0] Preprocessing time: 0 mins 0 secs 780 ms; 780
[0] Set Size: 98215
[0] Map Size: 669618
[0] File Partion Size: 860556
[1] Preprocessing time: 0 mins 0 secs 538 ms; 538
[1] Set Size: 100058
[1] Map Size: 680689
[1] File Partion Size: 860586
[0] Parallel distribution time: 0 mins 0 secs 213 ms; 213
[1] Parallel distribution time: 0 mins 0 secs 93 ms; 93
[1] Gather time: 0 mins 0 secs 1 ms; 1
[1] Total time: 0 mins 0 secs 632 ms; 632
[0] Gather time: 0 mins 0 secs 11 ms; 11
[0] Total time: 0 mins 1 secs 4 ms; 1004
0134d51e743d94a453b368be0014508d  ./results/word_list_misspelled.txt
---------------------------
---------------------------
[0] Preprocessing time: 0 mins 0 secs 402 ms; 402
[0] Set Size: 64279
[0] Map Size: 448541
[0] File Partion Size: 573714
[2] Preprocessing time: 0 mins 0 secs 659 ms; 659
[2] Set Size: 66200
[2] Map Size: 457407
[2] File Partion Size: 573722
[1] Preprocessing time: 0 mins 0 secs 413 ms; 413
[1] Set Size: 67954
[1] Map Size: 452014
[1] File Partion Size: 573706
[0] Parallel distribution time: 0 mins 0 secs 143 ms; 143
[1] Parallel distribution time: 0 mins 0 secs 77 ms; 77
[1] Gather time: 0 mins 0 secs 0 ms; 0
[1] Total time: 0 mins 0 secs 491 ms; 491
[2] Parallel distribution time: 0 mins 0 secs 111 ms; 111
[2] Gather time: 0 mins 0 secs 0 ms; 0
[2] Total time: 0 mins 0 secs 771 ms; 771
[0] Gather time: 0 mins 0 secs 9 ms; 9
[0] Total time: 0 mins 0 secs 555 ms; 555
0134d51e743d94a453b368be0014508d  ./results/word_list_misspelled.txt
---------------------------
---------------------------
[0] Preprocessing time: 0 mins 0 secs 415 ms; 415
[0] Set Size: 47977
[0] Map Size: 333333
[0] File Partion Size: 430270
[1] Preprocessing time: 0 mins 0 secs 464 ms; 464
[1] Set Size: 50466
[1] Map Size: 343312
[1] File Partion Size: 430286
[2] Preprocessing time: 0 mins 0 secs 505 ms; 505
[2] Set Size: 49548
[2] Map Size: 344974
[2] File Partion Size: 430284
[3] Preprocessing time: 0 mins 0 secs 458 ms; 458
[3] Set Size: 50510
[3] Map Size: 340307
[3] File Partion Size: 430302
[0] Parallel distribution time: 0 mins 0 secs 202 ms; 202
[1] Parallel distribution time: 0 mins 0 secs 198 ms; 198
[1] Gather time: 0 mins 0 secs 0 ms; 0
[1] Total time: 0 mins 0 secs 662 ms; 662
[2] Parallel distribution time: 0 mins 0 secs 138 ms; 138
[2] Gather time: 0 mins 0 secs 1 ms; 1
[3] Parallel distribution time: 0 mins 0 secs 122 ms; 122
[3] Gather time: 0 mins 0 secs 0 ms; 0
[3] Total time: 0 mins 0 secs 580 ms; 580
[2] Total time: 0 mins 0 secs 645 ms; 645
[0] Gather time: 0 mins 0 secs 10 ms; 10
[0] Total time: 0 mins 0 secs 628 ms; 628
0134d51e743d94a453b368be0014508d  ./results/word_list_misspelled.txt
---------------------------
---------------------------
[0] Preprocessing time: 0 mins 0 secs 718 ms; 718
[0] Set Size: 38358
[0] Map Size: 265226
[0] File Partion Size: 344222
[3] Preprocessing time: 0 mins 0 secs 394 ms; 394
[3] Set Size: 39268
[3] Map Size: 278596
[3] File Partion Size: 344232
[1] Preprocessing time: 0 mins 0 secs 327 ms; 327
[1] Set Size: 39892
[1] Map Size: 276129
[1] File Partion Size: 344220
[2] Preprocessing time: 0 mins 0 secs 414 ms; 414
[2] Set Size: 40846
[2] Map Size: 271364
[2] File Partion Size: 344232
[4] Preprocessing time: 0 mins 0 secs 372 ms; 372
[4] Set Size: 40174
[4] Map Size: 274854
[4] File Partion Size: 344236
[0] Parallel distribution time: 0 mins 0 secs 133 ms; 133
[3] Parallel distribution time: 0 mins 0 secs 129 ms; 129
[3] Gather time: 0 mins 0 secs 0 ms; 0
[3] Total time: 0 mins 0 secs 524 ms; 524
[1] Parallel distribution time: 0 mins 0 secs 129 ms; 129
[1] Gather time: 0 mins 0 secs 0 ms; 0
[1] Total time: 0 mins 0 secs 457 ms; 457
[2] Parallel distribution time: 0 mins 0 secs 95 ms; 95
[2] Gather time: 0 mins 0 secs 0 ms; 0
[2] Total time: 0 mins 0 secs 510 ms; 510
[4] Parallel distribution time: 0 mins 0 secs 95 ms; 95
[4] Gather time: 0 mins 0 secs 0 ms; 0
[4] Total time: 0 mins 0 secs 467 ms; 467
[0] Gather time: 0 mins 0 secs 10 ms; 10
[0] Total time: 0 mins 0 secs 862 ms; 862
0134d51e743d94a453b368be0014508d  ./results/word_list_misspelled.txt
---------------------------
---------------------------
[0] Preprocessing time: 0 mins 0 secs 733 ms; 733
[0] Set Size: 32563
[0] Map Size: 217558
[0] File Partion Size: 286846
[1] Preprocessing time: 0 mins 0 secs 745 ms; 745
[1] Set Size: 31834
[1] Map Size: 235269
[1] File Partion Size: 286848
[3] Preprocessing time: 0 mins 0 secs 750 ms; 750
[3] Set Size: 33858
[3] Map Size: 227682
[3] File Partion Size: 286864
[2] Preprocessing time: 0 mins 0 secs 402 ms; 402
[2] Set Size: 34098
[2] Map Size: 227267
[2] File Partion Size: 286862
[4] Preprocessing time: 0 mins 0 secs 745 ms; 745
[4] Set Size: 32964
[4] Map Size: 229921
[4] File Partion Size: 286850
[5] Preprocessing time: 0 mins 0 secs 676 ms; 676
[5] Set Size: 33236
[5] Map Size: 231526
[5] File Partion Size: 286872
[0] Parallel distribution time: 0 mins 0 secs 163 ms; 163
[3] Parallel distribution time: 0 mins 0 secs 158 ms; 158
[4] Parallel distribution time: 0 mins 0 secs 131 ms; 131
[2] Parallel distribution time: 0 mins 0 secs 133 ms; 133
[1] Parallel distribution time: 0 mins 0 secs 159 ms; 159
[3] Gather time: 0 mins 0 secs 0 ms; 0
[2] Gather time: 0 mins 0 secs 0 ms; 0
[1] Gather time: 0 mins 0 secs 0 ms; 0
[3] Total time: 0 mins 0 secs 909 ms; 909
[2] Total time: 0 mins 0 secs 535 ms; 535
[1] Total time: 0 mins 0 secs 905 ms; 905
[5] Parallel distribution time: 0 mins 0 secs 116 ms; 116
[4] Gather time: 0 mins 0 secs 1 ms; 1
[5] Gather time: 0 mins 0 secs 0 ms; 0
[5] Total time: 0 mins 0 secs 793 ms; 793
[4] Total time: 0 mins 0 secs 878 ms; 878
[0] Gather time: 0 mins 0 secs 9 ms; 9
[0] Total time: 0 mins 0 secs 906 ms; 906
0134d51e743d94a453b368be0014508d  ./results/word_list_misspelled.txt
---------------------------
---------------------------
[0] Preprocessing time: 0 mins 0 secs 589 ms; 589
[0] Set Size: 27956
[0] Map Size: 185262
[0] File Partion Size: 245862
[3] Preprocessing time: 0 mins 0 secs 376 ms; 376
[3] Set Size: 29120
[3] Map Size: 194941
[3] File Partion Size: 245874
[5] Preprocessing time: 0 mins 0 secs 625 ms; 625
[5] Set Size: 28706
[5] Map Size: 193582
[5] File Partion Size: 245858
[1] Preprocessing time: 0 mins 0 secs 638 ms; 638
[1] Set Size: 27172
[1] Map Size: 200010
[1] File Partion Size: 245882
[2] Preprocessing time: 0 mins 0 secs 346 ms; 346
[2] Set Size: 29116
[2] Map Size: 195148
[2] File Partion Size: 245868
[4] Preprocessing time: 0 mins 0 secs 356 ms; 356
[4] Set Size: 27942
[4] Map Size: 200389
[4] File Partion Size: 245894
[6] Preprocessing time: 0 mins 0 secs 628 ms; 628
[6] Set Size: 28564
[6] Map Size: 199683
[6] File Partion Size: 245904
[0] Parallel distribution time: 0 mins 0 secs 143 ms; 143
[3] Parallel distribution time: 0 mins 0 secs 142 ms; 142
[4] Parallel distribution time: 0 mins 0 secs 135 ms; 135
[3] Gather time: 0 mins 0 secs 0 ms; 0
[3] Total time: 0 mins 0 secs 518 ms; 518
[1] Parallel distribution time: 0 mins 0 secs 140 ms; 140
[1] Gather time: 0 mins 0 secs 0 ms; 0
[5] Parallel distribution time: 0 mins 0 secs 140 ms; 140
[1] Total time: 0 mins 0 secs 779 ms; 779
[5] Gather time: 0 mins 0 secs 0 ms; 0
[5] Total time: 0 mins 0 secs 767 ms; 767
[2] Parallel distribution time: 0 mins 0 secs 135 ms; 135
[2] Gather time: 0 mins 0 secs 0 ms; 0
[2] Total time: 0 mins 0 secs 482 ms; 482
[6] Parallel distribution time: 0 mins 0 secs 119 ms; 119
[6] Gather time: 0 mins 0 secs 0 ms; 0
[6] Total time: 0 mins 0 secs 747 ms; 747
[4] Gather time: 0 mins 0 secs 0 ms; 0
[4] Total time: 0 mins 0 secs 492 ms; 492
[0] Gather time: 0 mins 0 secs 10 ms; 10
[0] Total time: 0 mins 0 secs 743 ms; 743
0134d51e743d94a453b368be0014508d  ./results/word_list_misspelled.txt
---------------------------
---------------------------
[0] Preprocessing time: 0 mins 0 secs 618 ms; 618
[0] Set Size: 24276
[0] Map Size: 162105
[0] File Partion Size: 215134
[3] Preprocessing time: 0 mins 0 secs 406 ms; 406
[3] Set Size: 25472
[3] Map Size: 171294
[3] File Partion Size: 215144
[1] Preprocessing time: 0 mins 0 secs 674 ms; 674
[1] Set Size: 23796
[1] Map Size: 174278
[1] File Partion Size: 215136
[4] Preprocessing time: 0 mins 0 secs 367 ms; 367
[4] Set Size: 25676
[4] Map Size: 169470
[4] File Partion Size: 215148
[5] Preprocessing time: 0 mins 0 secs 684 ms; 684
[5] Set Size: 23872
[5] Map Size: 177135
[5] File Partion Size: 215136
[6] Preprocessing time: 0 mins 0 secs 653 ms; 653
[6] Set Size: 25162
[6] Map Size: 168781
[6] File Partion Size: 215144
[2] Preprocessing time: 0 mins 0 secs 387 ms; 387
[2] Set Size: 24994
[2] Map Size: 174551
[2] File Partion Size: 215142
[7] Preprocessing time: 0 mins 0 secs 586 ms; 586
[7] Set Size: 25348
[7] Map Size: 173740
[7] File Partion Size: 215158
[0] Parallel distribution time: 0 mins 0 secs 186 ms; 186
[1] Parallel distribution time: 0 mins 0 secs 178 ms; 178
[1] Gather time: 0 mins 0 secs 0 ms; 0
[1] Total time: 0 mins 0 secs 853 ms; 853
[3] Parallel distribution time: 0 mins 0 secs 184 ms; 184
[5] Parallel distribution time: 0 mins 0 secs 176 ms; 176
[6] Parallel distribution time: 0 mins 0 secs 173 ms; 173
[3] Gather time: 0 mins 0 secs 0 ms; 0
[4] Parallel distribution time: 0 mins 0 secs 177 ms; 177
[5] Gather time: 0 mins 0 secs 0 ms; 0
[3] Total time: 0 mins 0 secs 590 ms; 590
[5] Total time: 0 mins 0 secs 861 ms; 861
[2] Parallel distribution time: 0 mins 0 secs 165 ms; 165
[2] Gather time: 0 mins 0 secs 0 ms; 0
[2] Total time: 0 mins 0 secs 553 ms; 553
[6] Gather time: 0 mins 0 secs 0 ms; 0
[4] Gather time: 0 mins 0 secs 0 ms; 0
[4] Total time: 0 mins 0 secs 545 ms; 545
[6] Total time: 0 mins 0 secs 827 ms; 827
[7] Parallel distribution time: 0 mins 0 secs 157 ms; 157
[7] Gather time: 0 mins 0 secs 0 ms; 0
[7] Total time: 0 mins 0 secs 744 ms; 744
[0] Gather time: 0 mins 0 secs 10 ms; 10
[0] Total time: 0 mins 0 secs 816 ms; 816
0134d51e743d94a453b368be0014508d  ./results/word_list_misspelled.txt
---------------------------
---------------------------
