==========================
[*] Using provided files: ./files/dict10000.txt ./files/words10000.txt 
[*] Using provided nodes: 
---------------------------
---------------------------
[0] Preprocessing time: 0 mins 0 secs 300 ms; 300
[0] Set Size: 19984
[0] Map Size: 131705
[0] File Partion Size: 159412
[0] Parallel distribution time: 0 mins 0 secs 17 ms; 17
[0] Gather time: 0 mins 0 secs 4 ms; 4
[0] Total time: 0 mins 0 secs 322 ms; 322
074bf2e9ab0382f37fb732cbc2b53cb1  ./results/word_list_misspelled.txt
---------------------------
---------------------------
[0] Preprocessing time: 0 mins 0 secs 609 ms; 609
[0] Set Size: 9764
[0] Map Size: 66929
[0] File Partion Size: 79706
[1] Preprocessing time: 0 mins 0 secs 239 ms; 239
[1] Set Size: 10224
[1] Map Size: 65688
[1] File Partion Size: 79706
[0] Parallel distribution time: 0 mins 0 secs 21 ms; 21
[1] Parallel distribution time: 0 mins 0 secs 21 ms; 21
[1] Gather time: 0 mins 0 secs 0 ms; 0
[1] Total time: 0 mins 0 secs 260 ms; 260
[0] Gather time: 0 mins 0 secs 4 ms; 4
[0] Total time: 0 mins 0 secs 635 ms; 635
074bf2e9ab0382f37fb732cbc2b53cb1  ./results/word_list_misspelled.txt
---------------------------
---------------------------
[0] Preprocessing time: 0 mins 0 secs 384 ms; 384
[0] Set Size: 6390
[0] Map Size: 44780
[0] File Partion Size: 53132
[2] Preprocessing time: 0 mins 0 secs 574 ms; 574
[2] Set Size: 6696
[2] Map Size: 44280
[2] File Partion Size: 53146
[1] Preprocessing time: 0 mins 0 secs 251 ms; 251
[1] Set Size: 6902
[1] Map Size: 43976
[1] File Partion Size: 53134
[0] Parallel distribution time: 0 mins 0 secs 19 ms; 19
[1] Parallel distribution time: 0 mins 0 secs 18 ms; 18
[1] Gather time: 0 mins 0 secs 0 ms; 0
[1] Total time: 0 mins 0 secs 270 ms; 270
[2] Parallel distribution time: 0 mins 0 secs 19 ms; 19
[2] Gather time: 0 mins 0 secs 0 ms; 0
[2] Total time: 0 mins 0 secs 593 ms; 593
[0] Gather time: 0 mins 0 secs 3 ms; 3
[0] Total time: 0 mins 0 secs 407 ms; 407
074bf2e9ab0382f37fb732cbc2b53cb1  ./results/word_list_misspelled.txt
---------------------------
---------------------------
[0] Preprocessing time: 0 mins 0 secs 458 ms; 458
[0] Set Size: 4822
[0] Map Size: 33276
[0] File Partion Size: 39846
[1] Preprocessing time: 0 mins 0 secs 519 ms; 519
[1] Set Size: 4940
[1] Map Size: 33963
[1] File Partion Size: 39846
[2] Preprocessing time: 0 mins 0 secs 427 ms; 427
[2] Set Size: 5068
[2] Map Size: 33203
[2] File Partion Size: 39858
[3] Preprocessing time: 0 mins 0 secs 326 ms; 326
[3] Set Size: 5158
[3] Map Size: 32912
[3] File Partion Size: 39862
[0] Parallel distribution time: 0 mins 0 secs 41 ms; 41
[1] Parallel distribution time: 0 mins 0 secs 41 ms; 41
[1] Gather time: 0 mins 0 secs 0 ms; 0
[1] Total time: 0 mins 0 secs 560 ms; 560
[2] Parallel distribution time: 0 mins 0 secs 40 ms; 40
[2] Gather time: 0 mins 0 secs 0 ms; 0
[2] Total time: 0 mins 0 secs 469 ms; 469
[3] Parallel distribution time: 0 mins 0 secs 41 ms; 41
[3] Gather time: 0 mins 0 secs 0 ms; 0
[3] Total time: 0 mins 0 secs 367 ms; 367
[0] Gather time: 0 mins 0 secs 5 ms; 5
[0] Total time: 0 mins 0 secs 505 ms; 505
074bf2e9ab0382f37fb732cbc2b53cb1  ./results/word_list_misspelled.txt
---------------------------
---------------------------
[0] Preprocessing time: 0 mins 0 secs 590 ms; 590
[3] Preprocessing time: 0 mins 0 secs 452 ms; 452
[3] Set Size: 3904
[3] Map Size: 27006
[3] File Partion Size: 31886
[0] Set Size: 3877
[0] Map Size: 26509
[0] File Partion Size: 31874
[1] Preprocessing time: 0 mins 0 secs 620 ms; 620
[1] Set Size: 3900
[1] Map Size: 27277
[4] Preprocessing time: 0 mins 0 secs 345 ms; 345
[4] Set Size: 4144
[4] Map Size: 26276
[1] File Partion Size: 31890
[4] File Partion Size: 31884
[2] Preprocessing time: 0 mins 0 secs 267 ms; 267
[2] Set Size: 4164
[2] Map Size: 26578
[2] File Partion Size: 31878
[0] Parallel distribution time: 0 mins 0 secs 38 ms; 38
[3] Parallel distribution time: 0 mins 0 secs 38 ms; 38
[3] Gather time: 0 mins 0 secs 0 ms; 0
[3] Total time: 0 mins 0 secs 491 ms; 491
[1] Parallel distribution time: 0 mins 0 secs 38 ms; 38
[1] Gather time: 0 mins 0 secs 0 ms; 0
[2] Parallel distribution time: 0 mins 0 secs 38 ms; 38
[1] Total time: 0 mins 0 secs 659 ms; 659
[2] Gather time: 0 mins 0 secs 0 ms; 0
[2] Total time: 0 mins 0 secs 306 ms; 306
[4] Parallel distribution time: 0 mins 0 secs 38 ms; 38
[4] Gather time: 0 mins 0 secs 0 ms; 0
[4] Total time: 0 mins 0 secs 383 ms; 383
[0] Gather time: 0 mins 0 secs 5 ms; 5
[0] Total time: 0 mins 0 secs 634 ms; 634
074bf2e9ab0382f37fb732cbc2b53cb1  ./results/word_list_misspelled.txt
---------------------------
---------------------------
[0] Preprocessing time: 0 mins 0 secs 663 ms; 663
[0] Set Size: 3347
[0] Map Size: 21876
[1] Preprocessing time: 0 mins 0 secs 687 ms; 687
[1] Set Size: 3044
[1] Map Size: 23096
[1] File Partion Size: 26564
[0] File Partion Size: 26568
[3] Preprocessing time: 0 mins 0 secs 693 ms; 693
[3] Set Size: 3530
[3] Map Size: 21788
[3] File Partion Size: 26574
[4] Preprocessing time: 0 mins 0 secs 668 ms; 668
[4] Set Size: 3266
[2] Preprocessing time: 0 mins 0 secs 296 ms; 296
[2] Set Size: 3372
[2] Map Size: 22409
[2] File Partion Size: 26560
[4] Map Size: 22464
[5] Preprocessing time: 0 mins 0 secs 604 ms; 604
[4] File Partion Size: 26566
[5] Set Size: 3430
[5] Map Size: 22141
[5] File Partion Size: 26580
[0] Parallel distribution time: 0 mins 0 secs 57 ms; 57
[3] Parallel distribution time: 0 mins 0 secs 57 ms; 57
[3] Gather time: 0 mins 0 secs 0 ms; 0
[3] Total time: 0 mins 0 secs 750 ms; 750
[2] Parallel distribution time: 0 mins 0 secs 57 ms; 57
[4] Parallel distribution time: 0 mins 0 secs 57 ms; 57
[2] Gather time: 0 mins 0 secs 0 ms; 0
[2] Total time: 0 mins 0 secs 353 ms; 353
[1] Parallel distribution time: 0 mins 0 secs 57 ms; 57
[1] Gather time: 0 mins 0 secs 0 ms; 0
[1] Total time: 0 mins 0 secs 745 ms; 745
[4] Gather time: 0 mins 0 secs 0 ms; 0
[4] Total time: 0 mins 0 secs 725 ms; 725
[5] Parallel distribution time: 0 mins 0 secs 57 ms; 57
[5] Gather time: 0 mins 0 secs 0 ms; 0
[5] Total time: 0 mins 0 secs 662 ms; 662
[0] Gather time: 0 mins 0 secs 5 ms; 5
[0] Total time: 0 mins 0 secs 726 ms; 726
074bf2e9ab0382f37fb732cbc2b53cb1  ./results/word_list_misspelled.txt
---------------------------
---------------------------
[0] Preprocessing time: 0 mins 0 secs 668 ms; 668
[0] Set Size: 2873
[3] Preprocessing time: 0 mins 0 secs 509 ms; 509
[3] Set Size: 2928
[3] Map Size: 19078
[3] File Partion Size: 22766
[0] Map Size: 18674
[2] Preprocessing time: 0 mins 0 secs 297 ms; 297
[0] File Partion Size: 22758
[2] Set Size: 2964
[5] Preprocessing time: 0 mins 0 secs 672 ms; 672
[2] Map Size: 19110
[2] File Partion Size: 22770
[5] Set Size: 2906
[5] Map Size: 18945
[1] Preprocessing time: 0 mins 0 secs 680 ms; 680
[1] Set Size: 2574
[1] Map Size: 19779
[5] File Partion Size: 22776
[1] File Partion Size: 22776
[6] Preprocessing time: 0 mins 0 secs 653 ms; 653
[6] Set Size: 2944
[4] Preprocessing time: 0 mins 0 secs 310 ms; 310
[6] Map Size: 19008
[4] Set Size: 2800
[4] Map Size: 19303
[6] File Partion Size: 22784
[4] File Partion Size: 22782
[0] Parallel distribution time: 0 mins 0 secs 57 ms; 57
[5] Parallel distribution time: 0 mins 0 secs 57 ms; 57
[3] Parallel distribution time: 0 mins 0 secs 58 ms; 58
[5] Gather time: 0 mins 0 secs 0 ms; 0
[6] Parallel distribution time: 0 mins 0 secs 57 ms; 57
[3] Gather time: 0 mins 0 secs 0 ms; 0
[5] Total time: 0 mins 0 secs 730 ms; 730
[3] Total time: 0 mins 0 secs 568 ms; 568
[4] Parallel distribution time: 0 mins 0 secs 57 ms; 57
[1] Parallel distribution time: 0 mins 0 secs 57 ms; 57
[6] Gather time: 0 mins 0 secs 0 ms; 0
[1] Gather time: 0 mins 0 secs 0 ms; 0
[6] Total time: 0 mins 0 secs 711 ms; 711
[4] Gather time: 0 mins 0 secs 0 ms; 0
[1] Total time: 0 mins 0 secs 738 ms; 738
[4] Total time: 0 mins 0 secs 368 ms; 368
[2] Parallel distribution time: 0 mins 0 secs 57 ms; 57
[2] Gather time: 0 mins 0 secs 0 ms; 0
[2] Total time: 0 mins 0 secs 355 ms; 355
[0] Gather time: 0 mins 0 secs 5 ms; 5
[0] Total time: 0 mins 0 secs 731 ms; 731
074bf2e9ab0382f37fb732cbc2b53cb1  ./results/word_list_misspelled.txt
---------------------------
---------------------------
[0] Preprocessing time: 0 mins 0 secs 667 ms; 667
[0] Set Size: 2503
[0] Map Size: 16330
[1] Preprocessing time: 0 mins 0 secs 684 ms; 684
[1] Set Size: 2320
[1] Map Size: 17053
[0] File Partion Size: 19922
[3] Preprocessing time: 0 mins 0 secs 433 ms; 433
[3] Set Size: 2520
[3] Map Size: 16983
[3] File Partion Size: 19914
[2] Preprocessing time: 0 mins 0 secs 301 ms; 301
[1] File Partion Size: 19924
[2] Set Size: 2420
[2] Map Size: 17160
[2] File Partion Size: 19932
[4] Preprocessing time: 0 mins 0 secs 415 ms; 415
[7] Preprocessing time: 0 mins 0 secs 594 ms; 594
[4] Set Size: 2686
[7] Set Size: 2616
[4] Map Size: 16364
[7] Map Size: 16580
[4] File Partion Size: 19936
[7] File Partion Size: 19936
[5] Preprocessing time: 0 mins 0 secs 674 ms; 674
[5] Set Size: 2382
[6] Preprocessing time: 0 mins 0 secs 650 ms; 650
[5] Map Size: 16991
[5] File Partion Size: 19922
[6] Set Size: 2542
[6] Map Size: 16501
[6] File Partion Size: 19926
[2] Parallel distribution time: 0 mins 0 secs 89 ms; 89
[3] Parallel distribution time: 0 mins 0 secs 89 ms; 89
[2] Gather time: 0 mins 0 secs 0 ms; 0
[2] Total time: 0 mins 0 secs 390 ms; 390
[1] Parallel distribution time: 0 mins 0 secs 89 ms; 89
[5] Parallel distribution time: 0 mins 0 secs 89 ms; 89
[1] Gather time: 0 mins 0 secs 0 ms; 0
[1] Total time: 0 mins 0 secs 774 ms; 774
[4] Parallel distribution time: 0 mins 0 secs 89 ms; 89
[6] Parallel distribution time: 0 mins 0 secs 89 ms; 89
[0] Parallel distribution time: 0 mins 0 secs 89 ms; 89
[7] Parallel distribution time: 0 mins 0 secs 89 ms; 89
[3] Gather time: 0 mins 0 secs 0 ms; 0
[3] Total time: 0 mins 0 secs 523 ms; 523
[6] Gather time: 0 mins 0 secs 0 ms; 0
[4] Gather time: 0 mins 0 secs 0 ms; 0
[7] Gather time: 0 mins 0 secs 0 ms; 0
[7] Total time: 0 mins 0 secs 683 ms; 683
[6] Total time: 0 mins 0 secs 739 ms; 739
[4] Total time: 0 mins 0 secs 505 ms; 505
[5] Gather time: 0 mins 0 secs 11 ms; 11
[5] Total time: 0 mins 0 secs 774 ms; 774
[0] Gather time: 0 mins 0 secs 16 ms; 16
[0] Total time: 0 mins 0 secs 773 ms; 773
074bf2e9ab0382f37fb732cbc2b53cb1  ./results/word_list_misspelled.txt
---------------------------
---------------------------
