==========================
[*] Using provided files: ./files/dict10000.ascii.txt ./files/words10000.ascii.txt 
[*] Using provided nodes: 
---------------------------
---------------------------
[0] Preprocessing time: 0 mins 0 secs 315 ms; 315
[0] Set Size: 19986
[0] Map Size: 131724
[0] File Partion Size: 159432
[0] Parallel distribution time: 0 mins 0 secs 15 ms; 15
[0] Gather time: 0 mins 0 secs 6 ms; 6
[0] Total time: 0 mins 0 secs 336 ms; 336
---------------------------
---------------------------
[1] Preprocessing time: 0 mins 0 secs 242 ms; 242
[1] Set Size: 10226
[1] Map Size: 65701
[1] File Partion Size: 79720
[0] Preprocessing time: 0 mins 0 secs 555 ms; 555
[0] Set Size: 9764
[0] Map Size: 66936
[0] File Partion Size: 79712
[0] Parallel distribution time: 0 mins 0 secs 20 ms; 20
[1] Parallel distribution time: 0 mins 0 secs 21 ms; 21
[1] Gather time: 0 mins 0 secs 0 ms; 0
[1] Total time: 0 mins 0 secs 264 ms; 264
[0] Gather time: 0 mins 0 secs 4 ms; 4
[0] Total time: 0 mins 0 secs 580 ms; 580
---------------------------
---------------------------
[2] Preprocessing time: 0 mins 0 secs 630 ms; 630
[2] Set Size: 6696
[2] Map Size: 44280
[2] File Partion Size: 53146
[1] Preprocessing time: 0 mins 0 secs 262 ms; 262
[1] Set Size: 6904
[1] Map Size: 43995
[1] File Partion Size: 53154
[0] Preprocessing time: 0 mins 0 secs 343 ms; 343
[0] Set Size: 6390
[0] Map Size: 44780
[0] File Partion Size: 53132
[1] Parallel distribution time: 0 mins 0 secs 16 ms; 16
[1] Gather time: 0 mins 0 secs 0 ms; 0
[1] Total time: 0 mins 0 secs 279 ms; 279
[0] Parallel distribution time: 0 mins 0 secs 16 ms; 16
[2] Parallel distribution time: 0 mins 0 secs 17 ms; 17
[2] Gather time: 0 mins 0 secs 0 ms; 0
[2] Total time: 0 mins 0 secs 647 ms; 647
[0] Gather time: 0 mins 0 secs 3 ms; 3
[0] Total time: 0 mins 0 secs 363 ms; 363
---------------------------
---------------------------
[0] Preprocessing time: 0 mins 0 secs 470 ms; 470
[0] Set Size: 4824
[0] Map Size: 33287
[0] File Partion Size: 39858
[2] Preprocessing time: 0 mins 0 secs 452 ms; 452
[2] Set Size: 5068
[2] Map Size: 33203
[2] File Partion Size: 39858
[3] Preprocessing time: 0 mins 0 secs 321 ms; 321
[3] Set Size: 5158
[3] Map Size: 32912
[3] File Partion Size: 39862
[1] Preprocessing time: 0 mins 0 secs 465 ms; 465
[1] Set Size: 4940
[1] Map Size: 33971
[1] File Partion Size: 39854
[0] Parallel distribution time: 0 mins 0 secs 37 ms; 37
[1] Parallel distribution time: 0 mins 0 secs 36 ms; 36
[1] Gather time: 0 mins 0 secs 0 ms; 0
[1] Total time: 0 mins 0 secs 501 ms; 501
[2] Parallel distribution time: 0 mins 0 secs 37 ms; 37
[2] Gather time: 0 mins 0 secs 0 ms; 0
[2] Total time: 0 mins 0 secs 490 ms; 490
[3] Parallel distribution time: 0 mins 0 secs 37 ms; 37
[3] Gather time: 0 mins 0 secs 0 ms; 0
[3] Total time: 0 mins 0 secs 359 ms; 359
[0] Gather time: 0 mins 0 secs 5 ms; 5
[0] Total time: 0 mins 0 secs 512 ms; 512
---------------------------
---------------------------
[0] Preprocessing time: 0 mins 0 secs 584 ms; 584
[0] Set Size: 3877
[0] Map Size: 26509
[0] File Partion Size: 31874
[4] Preprocessing time: 0 mins 0 secs 265 ms; 265
[4] Set Size: 4146
[4] Map Size: 26293
[4] File Partion Size: 31902
[2] Preprocessing time: 0 mins 0 secs 307 ms; 307
[2] Set Size: 4166
[2] Map Size: 26578
[2] File Partion Size: 31886
[3] Preprocessing time: 0 mins 0 secs 330 ms; 330
[3] Set Size: 3904
[3] Map Size: 27000
[3] File Partion Size: 31880
[1] Preprocessing time: 0 mins 0 secs 603 ms; 603
[1] Set Size: 3898
[1] Map Size: 27285
[1] File Partion Size: 31890
[0] Parallel distribution time: 0 mins 0 secs 36 ms; 36
[3] Parallel distribution time: 0 mins 0 secs 35 ms; 35
[3] Gather time: 0 mins 0 secs 0 ms; 0
[3] Total time: 0 mins 0 secs 366 ms; 366
[1] Parallel distribution time: 0 mins 0 secs 35 ms; 35
[1] Gather time: 0 mins 0 secs 0 ms; 0
[2] Parallel distribution time: 0 mins 0 secs 36 ms; 36
[1] Total time: 0 mins 0 secs 639 ms; 639
[2] Gather time: 0 mins 0 secs 0 ms; 0
[2] Total time: 0 mins 0 secs 343 ms; 343
[4] Parallel distribution time: 0 mins 0 secs 36 ms; 36
[4] Gather time: 0 mins 0 secs 0 ms; 0
[4] Total time: 0 mins 0 secs 302 ms; 302
[0] Gather time: 0 mins 0 secs 5 ms; 5
[0] Total time: 0 mins 0 secs 626 ms; 626
---------------------------
---------------------------
[0] Preprocessing time: 0 mins 0 secs 550 ms; 550
[0] Set Size: 3347
[0] Map Size: 21876
[0] File Partion Size: 26568
[2] Preprocessing time: 0 mins 0 secs 289 ms; 289
[2] Set Size: 3374
[2] Map Size: 22428
[2] File Partion Size: 26580
[3] Preprocessing time: 0 mins 0 secs 615 ms; 615
[3] Set Size: 3530
[3] Map Size: 21788
[3] File Partion Size: 26574
[4] Preprocessing time: 0 mins 0 secs 571 ms; 571
[4] Set Size: 3266
[4] Map Size: 22464
[5] Preprocessing time: 0 mins 0 secs 520 ms; 520
[4] File Partion Size: 26566
[5] Set Size: 3430
[5] Map Size: 22141
[5] File Partion Size: 26580
[1] Preprocessing time: 0 mins 0 secs 570 ms; 570
[1] Set Size: 3044
[1] Map Size: 23096
[1] File Partion Size: 26564
[0] Parallel distribution time: 0 mins 0 secs 51 ms; 51
[1] Parallel distribution time: 0 mins 0 secs 51 ms; 51
[1] Gather time: 0 mins 0 secs 0 ms; 0
[3] Parallel distribution time: 0 mins 0 secs 51 ms; 51
[1] Total time: 0 mins 0 secs 621 ms; 621
[3] Gather time: 0 mins 0 secs 0 ms; 0
[3] Total time: 0 mins 0 secs 666 ms; 666
[4] Parallel distribution time: 0 mins 0 secs 51 ms; 51
[2] Parallel distribution time: 0 mins 0 secs 51 ms; 51
[2] Gather time: 0 mins 0 secs 0 ms; 0
[2] Total time: 0 mins 0 secs 341 ms; 341
[5] Parallel distribution time: 0 mins 0 secs 51 ms; 51
[5] Gather time: 0 mins 0 secs 0 ms; 0
[5] Total time: 0 mins 0 secs 572 ms; 572
[4] Gather time: 0 mins 0 secs 0 ms; 0
[4] Total time: 0 mins 0 secs 623 ms; 623
[0] Gather time: 0 mins 0 secs 5 ms; 5
[0] Total time: 0 mins 0 secs 607 ms; 607
---------------------------
---------------------------
[0] Preprocessing time: 0 mins 0 secs 617 ms; 617
[0] Set Size: 2875
[0] Map Size: 18689
[0] File Partion Size: 22774
[2] Preprocessing time: 0 mins 0 secs 324 ms; 324
[2] Set Size: 2964
[2] Map Size: 19112
[2] File Partion Size: 22772
[4] Preprocessing time: 0 mins 0 secs 296 ms; 296
[5] Preprocessing time: 0 mins 0 secs 641 ms; 641
[4] Set Size: 2800
[4] Map Size: 19303
[5] Set Size: 2906
[5] Map Size: 18945
[6] Preprocessing time: 0 mins 0 secs 642 ms; 642
[5] File Partion Size: 22776
[4] File Partion Size: 22782
[6] Set Size: 2944
[6] Map Size: 19008
[6] File Partion Size: 22784
[3] Preprocessing time: 0 mins 0 secs 362 ms; 362
[3] Set Size: 2928
[3] Map Size: 19078
[3] File Partion Size: 22766
[1] Preprocessing time: 0 mins 0 secs 626 ms; 626
[1] Set Size: 2574
[1] Map Size: 19781
[1] File Partion Size: 22778
[0] Parallel distribution time: 0 mins 0 secs 53 ms; 53
[2] Parallel distribution time: 0 mins 0 secs 53 ms; 53
[2] Gather time: 0 mins 0 secs 0 ms; 0
[2] Total time: 0 mins 0 secs 378 ms; 378
[5] Parallel distribution time: 0 mins 0 secs 53 ms; 53
[5] Gather time: 0 mins 0 secs 0 ms; 0
[5] Total time: 0 mins 0 secs 695 ms; 695
[3] Parallel distribution time: 0 mins 0 secs 53 ms; 53
[6] Parallel distribution time: 0 mins 0 secs 53 ms; 53
[3] Gather time: 0 mins 0 secs 0 ms; 0
[4] Parallel distribution time: 0 mins 0 secs 53 ms; 53
[1] Parallel distribution time: 0 mins 0 secs 53 ms; 53
[3] Total time: 0 mins 0 secs 415 ms; 415
[1] Gather time: 0 mins 0 secs 0 ms; 0
[1] Total time: 0 mins 0 secs 680 ms; 680
[4] Gather time: 0 mins 0 secs 0 ms; 0
[6] Gather time: 0 mins 0 secs 0 ms; 0
[6] Total time: 0 mins 0 secs 695 ms; 695
[4] Total time: 0 mins 0 secs 350 ms; 350
[0] Gather time: 0 mins 0 secs 5 ms; 5
[0] Total time: 0 mins 0 secs 676 ms; 676
---------------------------
---------------------------
[0] Preprocessing time: 0 mins 0 secs 642 ms; 642
[0] Set Size: 2503
[0] Map Size: 16330
[0] File Partion Size: 19922
[4] Preprocessing time: 0 mins 0 secs 292 ms; 292
[4] Set Size: 2684
[4] Map Size: 16351
[4] File Partion Size: 19920
[6] Preprocessing time: 0 mins 0 secs 651 ms; 651
[2] Preprocessing time: 0 mins 0 secs 349 ms; 349
[6] Set Size: 2544
[2] Set Size: 2420
[6] Map Size: 16518
[2] Map Size: 17164
[2] File Partion Size: 19936
[7] Preprocessing time: 0 mins 0 secs 559 ms; 559
[5] Preprocessing time: 0 mins 0 secs 660 ms; 660
[6] File Partion Size: 19946
[7] Set Size: 2616
[5] Set Size: 2382
[7] Map Size: 16580
[5] Map Size: 16987
[7] File Partion Size: 19936
[5] File Partion Size: 19918
[1] Preprocessing time: 0 mins 0 secs 638 ms; 638
[1] Set Size: 2320
[1] Map Size: 17053
[1] File Partion Size: 19924
[3] Preprocessing time: 0 mins 0 secs 351 ms; 351
[3] Set Size: 2522
[3] Map Size: 16998
[3] File Partion Size: 19930
[6] Parallel distribution time: 0 mins 0 secs 90 ms; 90
[2] Parallel distribution time: 0 mins 0 secs 91 ms; 91
[2] Gather time: 0 mins 0 secs 0 ms; 0
[3] Parallel distribution time: 0 mins 0 secs 90 ms; 90
[2] Total time: 0 mins 0 secs 440 ms; 440
[5] Parallel distribution time: 0 mins 0 secs 90 ms; 90
[1] Parallel distribution time: 0 mins 0 secs 90 ms; 90
[4] Parallel distribution time: 0 mins 0 secs 91 ms; 91
[1] Gather time: 0 mins 0 secs 0 ms; 0
[1] Total time: 0 mins 0 secs 729 ms; 729
[0] Parallel distribution time: 0 mins 0 secs 91 ms; 91
[7] Parallel distribution time: 0 mins 0 secs 91 ms; 91
[3] Gather time: 0 mins 0 secs 0 ms; 0
[6] Gather time: 0 mins 0 secs 0 ms; 0
[3] Total time: 0 mins 0 secs 442 ms; 442
[7] Gather time: 0 mins 0 secs 0 ms; 0
[4] Gather time: 0 mins 0 secs 0 ms; 0
[7] Total time: 0 mins 0 secs 651 ms; 651
[6] Total time: 0 mins 0 secs 742 ms; 742
[4] Total time: 0 mins 0 secs 384 ms; 384
[5] Gather time: 0 mins 0 secs 11 ms; 11
[5] Total time: 0 mins 0 secs 762 ms; 762
[0] Gather time: 0 mins 0 secs 15 ms; 15
[0] Total time: 0 mins 0 secs 749 ms; 749
---------------------------
---------------------------
